<?xml version="1.0" encoding="UTF-8"?>
<!-- Generated by org.testng.reporters.JUnitXMLReporter -->
<testsuite hostname="AdroitComputer" ignored="0" name="Test" tests="5" failures="0" timestamp="18 May 2019 07:05:24 GMT" time="281.584" errors="0">
  <testcase name="SeleniiumSearch" time="79.725" classname="Academy.HomePageSearch"/>
  <testcase name="NavigateToHomePage" time="46.367" classname="Academy.LoginScenarios"/>
  <testcase name="NavigateToHomePage" time="69.806" classname="Academy.LoginScenarios"/>
  <testcase name="NavigateToHomePage" time="59.293" classname="Academy.LoginScenarios"/>
  <testcase name="NavigateToHomePage" time="26.281" classname="Academy.ValidateTitle"/>
</testsuite> <!-- Test -->
