<?xml version="1.0" encoding="UTF-8"?>
<!-- Generated by org.testng.reporters.JUnitXMLReporter -->
<testsuite hostname="AdroitComputer" ignored="0" name="Test" tests="6" failures="0" timestamp="18 May 2019 11:19:21 GMT" time="412.745" errors="0">
  <testcase name="SeleniiumSearch" time="45.457" classname="Academy.HomePageSearch"/>
  <testcase name="seleniumCourseScreen" time="48.802" classname="Academy.HomePageSearch"/>
  <testcase name="NavigateToHomePage" time="8.214" classname="Academy.LoginScenarios"/>
  <testcase name="NavigateToHomePage" time="25.472" classname="Academy.LoginScenarios"/>
  <testcase name="NavigateToHomePage" time="25.242" classname="Academy.LoginScenarios"/>
  <testcase name="NavigateToHomePage" time="30.077" classname="Academy.ValidateTitle"/>
</testsuite> <!-- Test -->
