<?xml version="1.0" encoding="UTF-8"?>
<!-- Generated by org.testng.reporters.JUnitXMLReporter -->
<testsuite hostname="AdroitComputer" ignored="0" name="Validating Login Scenarios" tests="3" failures="0" timestamp="18 May 2019 12:23:17 GMT" time="283.508" errors="0">
  <testcase name="NavigateToHomePage" time="8.536" classname="Academy.LoginScenarios"/>
  <testcase name="NavigateToHomePage" time="42.188" classname="Academy.LoginScenarios"/>
  <testcase name="NavigateToHomePage" time="30.449" classname="Academy.LoginScenarios"/>
</testsuite> <!-- Validating Login Scenarios -->
